7.6p2-4 7.6-0 1
1.0.3-3 1.0-1 1
1.3 1.2.2-2 1
1.3 1.2.2 1
a . -1
z . -1
1.18.36 1.18.35 1
0:1.18.36 1.18.35 1
9:1.18.36:5.4-20 10:0.5.1-22 -1
9:1.18.36:5.4-20 9:1.18.36:5.5-1 -1
9:1.18.36:5.4-20 9:1.18.37:4.3-22 -1
1.18.36-0.17.35-18 1.18.36-19 1
1:1.2.13-3 1:1.2.13-3.1 -1
2.0.7pre1-4 2.0.7r-1 -1
0-pre 0-pre 0
0-pre 0-pree -1
2.6b2-1 2.6b-2 1
98.1p5-1 98.1-pre2-b6-2 -1
0.4a6-2 0.4-1 1
1:3.0.5-2 1:3.0.5.1 -1
III-alpha9.8 III-alpha9.8-1.5 -1
3.0~rc1-1 3.0-1 -1
1.0 1.0-0 0
0.2 1.0-0 -1
1.0 1.0-0+b1 -1
1.0 1.0-0~ 1
0:0-0-0 0-0 1
0 0 0
0 00 0
1.2.3 1.2.3 0
4.4.3-2 4.4.3-2 0
1:2ab:5 1:2ab:5 0
7:1-a:b-5 7:1-a:b-5 0
57:1.2.3abYZ+~-4-5 57:1.2.3abYZ+~-4-5 0
1.2.3 0:1.2.3 0
1.2.3 1.2.3-0 0
009 9 0
009ab5 9ab5 0
1.2.3 1.2.3-1 -1
1.2.3 1.2.4 -1
1.2.4 1.2.3 1
1.2.24 1.2.3 1
0.10.0 0.8.7 1
3.2 2.3 1
1.3.2a 1.3.2 1
0.5.0~git 0.5.0~git2 -1
2a 21 -1
1.3.2a 1.3.2b -1
1:1.2.3 1.2.4 1
1:1.2.3 1:1.2.4 -1
1.2a+~bCd3 1.2a++ -1
1.2a+~bCd3 1.2a+~ 1
5:2 304-2 1
5:2 304:2 -1
25:2 3:2 1
1:2:123 1:12:3 -1
1.2-5 1.2-3-5 -1
5.10.0 5.005 1
3a9.8 3.10.2 -1
3a9.8 3~10 1
1.4+OOo3.0.0~ 1.4+OOo3.0.0-4 -1
2.4.7-1 2.4.7-z -1
1.002-1+b2 1.00 1
2.2.4-47978_Debian_lenny 2.2.4-47978_Debian_lenny 0
